<?xml version="1.0" encoding="UTF-8"?>
<!-- Generated by org.testng.reporters.JUnitXMLReporter -->
<testsuite ignored="0" hostname="INGGNELP77C3QL3" failures="0" tests="2" name="Examiner-Auto" time="0.06" errors="0" timestamp="2025-04-25T23:25:52 IST">
  <testcase classname="TestNG.Demong" name="@BeforeClass setup" time="-1.745603752796E9">
    <failure type="org.testng.TestNGException" message="
Parameter &amp;apos;browser&amp;apos; is required by BeforeClass on method setup but has not been marked @Optional or defined
in C:\Users\jigar-sharma\AppData\Local\JetBrains\IdeaIC2024.1\temp-testng-customsuite.xml">
      <![CDATA[org.testng.TestNGException: 
Parameter 'browser' is required by BeforeClass on method setup but has not been marked @Optional or defined
in C:\Users\jigar-sharma\AppData\Local\JetBrains\IdeaIC2024.1\temp-testng-customsuite.xml
at java.base/java.util.ArrayList.forEach(ArrayList.java:1597)
at com.intellij.rt.testng.IDEARemoteTestNG.run(IDEARemoteTestNG.java:65)
at com.intellij.rt.testng.RemoteTestNGStarter.main(RemoteTestNGStarter.java:105)
... Removed 19 stack frames]]>
    </failure>
  </testcase> <!-- @BeforeClass setup -->
  <testcase classname="TestNG.Demong" name="HindiCheck" time="0.0">
    <skipped/>
  </testcase> <!-- HindiCheck -->
  <testcase classname="TestNG.Demong" name="teardown" time="0.0">
    <skipped/>
  </testcase> <!-- teardown -->
</testsuite> <!-- Examiner-Auto -->
